2015-03-29 07:59:28,645 [MainThread:139770505705280] [django.db.backends:91] [DEBUG]- (0.000) QUERY = "\n            SELECT name FROM sqlite_master\n            WHERE type in ('table', 'view') AND NOT name='sqlite_sequence'\n            ORDER BY name" - PARAMS = (); args=None
2015-03-29 07:59:28,648 [MainThread:139770505705280] [django.db.backends:91] [DEBUG]- (0.000) QUERY = u'SELECT "django_migrations"."app", "django_migrations"."name" FROM "django_migrations"' - PARAMS = (); args=()
2015-03-29 09:23:20,291 [Dummy-1:-1233478848] [django.db.backends:91] [DEBUG]- (0.001) QUERY = "\n            SELECT name FROM sqlite_master\n            WHERE type in ('table', 'view') AND NOT name='sqlite_sequence'\n            ORDER BY name" - PARAMS = (); args=None
2015-03-29 09:23:20,297 [Dummy-1:-1233478848] [django.db.backends:91] [DEBUG]- (0.000) QUERY = u'SELECT "django_migrations"."app", "django_migrations"."name" FROM "django_migrations"' - PARAMS = (); args=()
2015-03-29 09:24:35,835 [Dummy-1:-1233376448] [django.db.backends:91] [DEBUG]- (0.001) QUERY = "\n            SELECT name FROM sqlite_master\n            WHERE type in ('table', 'view') AND NOT name='sqlite_sequence'\n            ORDER BY name" - PARAMS = (); args=None
2015-03-29 09:24:35,842 [Dummy-1:-1233376448] [django.db.backends:91] [DEBUG]- (0.000) QUERY = u'SELECT "django_migrations"."app", "django_migrations"."name" FROM "django_migrations"' - PARAMS = (); args=()
2015-03-29 14:09:28,791 [Dummy-1:-1232839872] [django.db.backends:91] [DEBUG]- (0.001) QUERY = "\n            SELECT name FROM sqlite_master\n            WHERE type in ('table', 'view') AND NOT name='sqlite_sequence'\n            ORDER BY name" - PARAMS = (); args=None
2015-03-29 14:09:28,797 [Dummy-1:-1232839872] [django.db.backends:91] [DEBUG]- (0.000) QUERY = u'SELECT "django_migrations"."app", "django_migrations"."name" FROM "django_migrations"' - PARAMS = (); args=()
2015-03-29 14:11:00,915 [Dummy-1:-1232991424] [django.db.backends:91] [DEBUG]- (0.001) QUERY = "\n            SELECT name FROM sqlite_master\n            WHERE type in ('table', 'view') AND NOT name='sqlite_sequence'\n            ORDER BY name" - PARAMS = (); args=None
2015-03-29 14:11:00,921 [Dummy-1:-1232991424] [django.db.backends:91] [DEBUG]- (0.000) QUERY = u'SELECT "django_migrations"."app", "django_migrations"."name" FROM "django_migrations"' - PARAMS = (); args=()
2015-03-29 14:14:38,160 [Dummy-1:-1233487040] [django.db.backends:91] [DEBUG]- (0.001) QUERY = "\n            SELECT name FROM sqlite_master\n            WHERE type in ('table', 'view') AND NOT name='sqlite_sequence'\n            ORDER BY name" - PARAMS = (); args=None
2015-03-29 14:14:38,163 [Dummy-1:-1233487040] [django.db.backends:91] [DEBUG]- (0.000) QUERY = u'SELECT "django_migrations"."app", "django_migrations"."name" FROM "django_migrations"' - PARAMS = (); args=()
2015-03-29 14:15:27,855 [Dummy-1:-1232925888] [django.db.backends:91] [DEBUG]- (0.001) QUERY = "\n            SELECT name FROM sqlite_master\n            WHERE type in ('table', 'view') AND NOT name='sqlite_sequence'\n            ORDER BY name" - PARAMS = (); args=None
2015-03-29 14:15:27,865 [Dummy-1:-1232925888] [django.db.backends:91] [DEBUG]- (0.000) QUERY = u'SELECT "django_migrations"."app", "django_migrations"."name" FROM "django_migrations"' - PARAMS = (); args=()
2015-03-29 14:17:08,027 [Dummy-1:-1232770240] [django.db.backends:91] [DEBUG]- (0.001) QUERY = "\n            SELECT name FROM sqlite_master\n            WHERE type in ('table', 'view') AND NOT name='sqlite_sequence'\n            ORDER BY name" - PARAMS = (); args=None
2015-03-29 14:17:08,033 [Dummy-1:-1232770240] [django.db.backends:91] [DEBUG]- (0.000) QUERY = u'SELECT "django_migrations"."app", "django_migrations"."name" FROM "django_migrations"' - PARAMS = (); args=()
2015-03-29 14:23:20,751 [Dummy-1:-1232712896] [django.db.backends:91] [DEBUG]- (0.001) QUERY = "\n            SELECT name FROM sqlite_master\n            WHERE type in ('table', 'view') AND NOT name='sqlite_sequence'\n            ORDER BY name" - PARAMS = (); args=None
2015-03-29 14:23:20,758 [Dummy-1:-1232712896] [django.db.backends:91] [DEBUG]- (0.000) QUERY = u'SELECT "django_migrations"."app", "django_migrations"."name" FROM "django_migrations"' - PARAMS = (); args=()
2015-03-29 14:30:41,002 [Dummy-1:-1233478848] [django.db.backends:91] [DEBUG]- (0.001) QUERY = "\n            SELECT name FROM sqlite_master\n            WHERE type in ('table', 'view') AND NOT name='sqlite_sequence'\n            ORDER BY name" - PARAMS = (); args=None
2015-03-29 14:30:41,013 [Dummy-1:-1233478848] [django.db.backends:91] [DEBUG]- (0.000) QUERY = u'SELECT "django_migrations"."app", "django_migrations"."name" FROM "django_migrations"' - PARAMS = (); args=()
2015-03-29 14:33:15,747 [Dummy-1:-1233228992] [django.db.backends:91] [DEBUG]- (0.001) QUERY = "\n            SELECT name FROM sqlite_master\n            WHERE type in ('table', 'view') AND NOT name='sqlite_sequence'\n            ORDER BY name" - PARAMS = (); args=None
2015-03-29 14:33:15,754 [Dummy-1:-1233228992] [django.db.backends:91] [DEBUG]- (0.000) QUERY = u'SELECT "django_migrations"."app", "django_migrations"."name" FROM "django_migrations"' - PARAMS = (); args=()
2015-03-29 14:33:23,451 [Thread-6:-1243612352] [django:37] [DEBUG]- 1
2015-03-29 14:33:25,334 [Thread-7:-1243612352] [django:37] [DEBUG]- 1
2015-03-29 14:34:26,668 [Dummy-1:-1232954560] [django.db.backends:91] [DEBUG]- (0.009) QUERY = "\n            SELECT name FROM sqlite_master\n            WHERE type in ('table', 'view') AND NOT name='sqlite_sequence'\n            ORDER BY name" - PARAMS = (); args=None
2015-03-29 14:34:26,671 [Dummy-1:-1232954560] [django.db.backends:91] [DEBUG]- (0.000) QUERY = u'SELECT "django_migrations"."app", "django_migrations"."name" FROM "django_migrations"' - PARAMS = (); args=()
2015-03-29 14:37:30,625 [Dummy-1:-1233147072] [django.db.backends:91] [DEBUG]- (0.001) QUERY = "\n            SELECT name FROM sqlite_master\n            WHERE type in ('table', 'view') AND NOT name='sqlite_sequence'\n            ORDER BY name" - PARAMS = (); args=None
2015-03-29 14:37:30,632 [Dummy-1:-1233147072] [django.db.backends:91] [DEBUG]- (0.000) QUERY = u'SELECT "django_migrations"."app", "django_migrations"."name" FROM "django_migrations"' - PARAMS = (); args=()
2015-03-29 14:38:38,487 [Dummy-1:-1233634496] [django.db.backends:91] [DEBUG]- (0.001) QUERY = "\n            SELECT name FROM sqlite_master\n            WHERE type in ('table', 'view') AND NOT name='sqlite_sequence'\n            ORDER BY name" - PARAMS = (); args=None
2015-03-29 14:38:38,493 [Dummy-1:-1233634496] [django.db.backends:91] [DEBUG]- (0.000) QUERY = u'SELECT "django_migrations"."app", "django_migrations"."name" FROM "django_migrations"' - PARAMS = (); args=()
2015-03-29 14:39:46,387 [Dummy-1:-1233548480] [django.db.backends:91] [DEBUG]- (0.001) QUERY = "\n            SELECT name FROM sqlite_master\n            WHERE type in ('table', 'view') AND NOT name='sqlite_sequence'\n            ORDER BY name" - PARAMS = (); args=None
2015-03-29 14:39:46,394 [Dummy-1:-1233548480] [django.db.backends:91] [DEBUG]- (0.000) QUERY = u'SELECT "django_migrations"."app", "django_migrations"."name" FROM "django_migrations"' - PARAMS = (); args=()
2015-03-29 14:40:49,259 [Dummy-1:-1233683648] [django.db.backends:91] [DEBUG]- (0.001) QUERY = "\n            SELECT name FROM sqlite_master\n            WHERE type in ('table', 'view') AND NOT name='sqlite_sequence'\n            ORDER BY name" - PARAMS = (); args=None
2015-03-29 14:40:49,269 [Dummy-1:-1233683648] [django.db.backends:91] [DEBUG]- (0.000) QUERY = u'SELECT "django_migrations"."app", "django_migrations"."name" FROM "django_migrations"' - PARAMS = (); args=()
2015-03-29 14:57:20,795 [Dummy-1:-1232868544] [django.db.backends:91] [DEBUG]- (0.001) QUERY = "\n            SELECT name FROM sqlite_master\n            WHERE type in ('table', 'view') AND NOT name='sqlite_sequence'\n            ORDER BY name" - PARAMS = (); args=None
2015-03-29 14:57:20,801 [Dummy-1:-1232868544] [django.db.backends:91] [DEBUG]- (0.000) QUERY = u'SELECT "django_migrations"."app", "django_migrations"."name" FROM "django_migrations"' - PARAMS = (); args=()
2015-03-29 15:03:06,100 [Dummy-1:-1233687744] [django.db.backends:91] [DEBUG]- (0.001) QUERY = "\n            SELECT name FROM sqlite_master\n            WHERE type in ('table', 'view') AND NOT name='sqlite_sequence'\n            ORDER BY name" - PARAMS = (); args=None
2015-03-29 15:03:06,107 [Dummy-1:-1233687744] [django.db.backends:91] [DEBUG]- (0.000) QUERY = u'SELECT "django_migrations"."app", "django_migrations"."name" FROM "django_migrations"' - PARAMS = (); args=()
2015-03-29 15:09:06,796 [Dummy-1:-1233409216] [django.db.backends:91] [DEBUG]- (0.005) QUERY = "\n            SELECT name FROM sqlite_master\n            WHERE type in ('table', 'view') AND NOT name='sqlite_sequence'\n            ORDER BY name" - PARAMS = (); args=None
2015-03-29 15:09:06,799 [Dummy-1:-1233409216] [django.db.backends:91] [DEBUG]- (0.000) QUERY = u'SELECT "django_migrations"."app", "django_migrations"."name" FROM "django_migrations"' - PARAMS = (); args=()
2015-03-29 15:12:16,743 [Dummy-1:-1232753856] [django.db.backends:91] [DEBUG]- (0.001) QUERY = "\n            SELECT name FROM sqlite_master\n            WHERE type in ('table', 'view') AND NOT name='sqlite_sequence'\n            ORDER BY name" - PARAMS = (); args=None
2015-03-29 15:12:16,753 [Dummy-1:-1232753856] [django.db.backends:91] [DEBUG]- (0.000) QUERY = u'SELECT "django_migrations"."app", "django_migrations"."name" FROM "django_migrations"' - PARAMS = (); args=()
2015-03-29 15:27:08,026 [Dummy-1:-1233302720] [django.db.backends:91] [DEBUG]- (0.001) QUERY = "\n            SELECT name FROM sqlite_master\n            WHERE type in ('table', 'view') AND NOT name='sqlite_sequence'\n            ORDER BY name" - PARAMS = (); args=None
2015-03-29 15:27:08,029 [Dummy-1:-1233302720] [django.db.backends:91] [DEBUG]- (0.000) QUERY = u'SELECT "django_migrations"."app", "django_migrations"."name" FROM "django_migrations"' - PARAMS = (); args=()
2015-03-29 15:34:48,355 [Dummy-1:-1233241280] [django.db.backends:91] [DEBUG]- (0.001) QUERY = "\n            SELECT name FROM sqlite_master\n            WHERE type in ('table', 'view') AND NOT name='sqlite_sequence'\n            ORDER BY name" - PARAMS = (); args=None
2015-03-29 15:34:48,361 [Dummy-1:-1233241280] [django.db.backends:91] [DEBUG]- (0.000) QUERY = u'SELECT "django_migrations"."app", "django_migrations"."name" FROM "django_migrations"' - PARAMS = (); args=()
2015-03-29 15:36:23,475 [Dummy-1:-1233269952] [django.db.backends:91] [DEBUG]- (0.001) QUERY = "\n            SELECT name FROM sqlite_master\n            WHERE type in ('table', 'view') AND NOT name='sqlite_sequence'\n            ORDER BY name" - PARAMS = (); args=None
2015-03-29 15:36:23,481 [Dummy-1:-1233269952] [django.db.backends:91] [DEBUG]- (0.000) QUERY = u'SELECT "django_migrations"."app", "django_migrations"."name" FROM "django_migrations"' - PARAMS = (); args=()
2015-03-29 15:39:26,371 [Dummy-1:-1232819392] [django.db.backends:91] [DEBUG]- (0.001) QUERY = "\n            SELECT name FROM sqlite_master\n            WHERE type in ('table', 'view') AND NOT name='sqlite_sequence'\n            ORDER BY name" - PARAMS = (); args=None
2015-03-29 15:39:26,377 [Dummy-1:-1232819392] [django.db.backends:91] [DEBUG]- (0.000) QUERY = u'SELECT "django_migrations"."app", "django_migrations"."name" FROM "django_migrations"' - PARAMS = (); args=()
2015-03-29 15:51:48,371 [Dummy-1:-1233351872] [django.db.backends:91] [DEBUG]- (0.001) QUERY = "\n            SELECT name FROM sqlite_master\n            WHERE type in ('table', 'view') AND NOT name='sqlite_sequence'\n            ORDER BY name" - PARAMS = (); args=None
2015-03-29 15:51:48,381 [Dummy-1:-1233351872] [django.db.backends:91] [DEBUG]- (0.000) QUERY = u'SELECT "django_migrations"."app", "django_migrations"."name" FROM "django_migrations"' - PARAMS = (); args=()
2015-03-29 16:09:20,067 [Dummy-1:-1233581248] [django.db.backends:91] [DEBUG]- (0.001) QUERY = "\n            SELECT name FROM sqlite_master\n            WHERE type in ('table', 'view') AND NOT name='sqlite_sequence'\n            ORDER BY name" - PARAMS = (); args=None
2015-03-29 16:09:20,073 [Dummy-1:-1233581248] [django.db.backends:91] [DEBUG]- (0.000) QUERY = u'SELECT "django_migrations"."app", "django_migrations"."name" FROM "django_migrations"' - PARAMS = (); args=()
2015-03-29 16:23:22,980 [Dummy-1:-1233478848] [django.db.backends:91] [DEBUG]- (0.001) QUERY = "\n            SELECT name FROM sqlite_master\n            WHERE type in ('table', 'view') AND NOT name='sqlite_sequence'\n            ORDER BY name" - PARAMS = (); args=None
2015-03-29 16:23:22,989 [Dummy-1:-1233478848] [django.db.backends:91] [DEBUG]- (0.000) QUERY = u'SELECT "django_migrations"."app", "django_migrations"."name" FROM "django_migrations"' - PARAMS = (); args=()
2015-03-29 16:24:05,642 [Dummy-1:-1232737472] [django.db.backends:91] [DEBUG]- (0.001) QUERY = "\n            SELECT name FROM sqlite_master\n            WHERE type in ('table', 'view') AND NOT name='sqlite_sequence'\n            ORDER BY name" - PARAMS = (); args=None
2015-03-29 16:24:05,649 [Dummy-1:-1232737472] [django.db.backends:91] [DEBUG]- (0.000) QUERY = u'SELECT "django_migrations"."app", "django_migrations"."name" FROM "django_migrations"' - PARAMS = (); args=()
2015-03-30 00:28:40,513 [Dummy-1:-1233372352] [django.db.backends:91] [DEBUG]- (0.005) QUERY = "\n            SELECT name FROM sqlite_master\n            WHERE type in ('table', 'view') AND NOT name='sqlite_sequence'\n            ORDER BY name" - PARAMS = (); args=None
2015-03-30 00:28:40,516 [Dummy-1:-1233372352] [django.db.backends:91] [DEBUG]- (0.000) QUERY = u'SELECT "django_migrations"."app", "django_migrations"."name" FROM "django_migrations"' - PARAMS = (); args=()
2015-03-30 00:29:52,475 [Dummy-1:-1232848064] [django.db.backends:91] [DEBUG]- (0.001) QUERY = "\n            SELECT name FROM sqlite_master\n            WHERE type in ('table', 'view') AND NOT name='sqlite_sequence'\n            ORDER BY name" - PARAMS = (); args=None
2015-03-30 00:29:52,481 [Dummy-1:-1232848064] [django.db.backends:91] [DEBUG]- (0.000) QUERY = u'SELECT "django_migrations"."app", "django_migrations"."name" FROM "django_migrations"' - PARAMS = (); args=()
2015-03-30 00:32:10,586 [Dummy-1:-1232839872] [django.db.backends:91] [DEBUG]- (0.001) QUERY = "\n            SELECT name FROM sqlite_master\n            WHERE type in ('table', 'view') AND NOT name='sqlite_sequence'\n            ORDER BY name" - PARAMS = (); args=None
2015-03-30 00:32:10,594 [Dummy-1:-1232839872] [django.db.backends:91] [DEBUG]- (0.000) QUERY = u'SELECT "django_migrations"."app", "django_migrations"."name" FROM "django_migrations"' - PARAMS = (); args=()
2015-03-30 00:35:58,999 [Dummy-1:-1233298624] [django.db.backends:91] [DEBUG]- (0.001) QUERY = "\n            SELECT name FROM sqlite_master\n            WHERE type in ('table', 'view') AND NOT name='sqlite_sequence'\n            ORDER BY name" - PARAMS = (); args=None
2015-03-30 00:35:59,009 [Dummy-1:-1233298624] [django.db.backends:91] [DEBUG]- (0.000) QUERY = u'SELECT "django_migrations"."app", "django_migrations"."name" FROM "django_migrations"' - PARAMS = (); args=()
2015-03-30 00:43:15,304 [Dummy-1:-1232823488] [django.db.backends:91] [DEBUG]- (0.005) QUERY = "\n            SELECT name FROM sqlite_master\n            WHERE type in ('table', 'view') AND NOT name='sqlite_sequence'\n            ORDER BY name" - PARAMS = (); args=None
2015-03-30 00:43:15,308 [Dummy-1:-1232823488] [django.db.backends:91] [DEBUG]- (0.000) QUERY = u'SELECT "django_migrations"."app", "django_migrations"."name" FROM "django_migrations"' - PARAMS = (); args=()
2015-03-30 00:45:14,739 [Dummy-1:-1232827584] [django.db.backends:91] [DEBUG]- (0.001) QUERY = "\n            SELECT name FROM sqlite_master\n            WHERE type in ('table', 'view') AND NOT name='sqlite_sequence'\n            ORDER BY name" - PARAMS = (); args=None
2015-03-30 00:45:14,743 [Dummy-1:-1232827584] [django.db.backends:91] [DEBUG]- (0.000) QUERY = u'SELECT "django_migrations"."app", "django_migrations"."name" FROM "django_migrations"' - PARAMS = (); args=()
2015-03-30 01:01:31,182 [Dummy-1:-1233597632] [django.db.backends:91] [DEBUG]- (0.001) QUERY = "\n            SELECT name FROM sqlite_master\n            WHERE type in ('table', 'view') AND NOT name='sqlite_sequence'\n            ORDER BY name" - PARAMS = (); args=None
2015-03-30 01:01:31,189 [Dummy-1:-1233597632] [django.db.backends:91] [DEBUG]- (0.000) QUERY = u'SELECT "django_migrations"."app", "django_migrations"."name" FROM "django_migrations"' - PARAMS = (); args=()
2015-03-30 01:15:37,131 [Dummy-1:-1232766144] [django.db.backends:91] [DEBUG]- (0.001) QUERY = "\n            SELECT name FROM sqlite_master\n            WHERE type in ('table', 'view') AND NOT name='sqlite_sequence'\n            ORDER BY name" - PARAMS = (); args=None
2015-03-30 01:15:37,137 [Dummy-1:-1232766144] [django.db.backends:91] [DEBUG]- (0.000) QUERY = u'SELECT "django_migrations"."app", "django_migrations"."name" FROM "django_migrations"' - PARAMS = (); args=()
2015-03-30 01:20:51,403 [Dummy-1:-1233380544] [django.db.backends:91] [DEBUG]- (0.001) QUERY = "\n            SELECT name FROM sqlite_master\n            WHERE type in ('table', 'view') AND NOT name='sqlite_sequence'\n            ORDER BY name" - PARAMS = (); args=None
2015-03-30 01:20:51,413 [Dummy-1:-1233380544] [django.db.backends:91] [DEBUG]- (0.000) QUERY = u'SELECT "django_migrations"."app", "django_migrations"."name" FROM "django_migrations"' - PARAMS = (); args=()
2015-03-30 01:22:30,571 [Dummy-1:-1233671360] [django.db.backends:91] [DEBUG]- (0.001) QUERY = "\n            SELECT name FROM sqlite_master\n            WHERE type in ('table', 'view') AND NOT name='sqlite_sequence'\n            ORDER BY name" - PARAMS = (); args=None
2015-03-30 01:22:30,577 [Dummy-1:-1233671360] [django.db.backends:91] [DEBUG]- (0.000) QUERY = u'SELECT "django_migrations"."app", "django_migrations"."name" FROM "django_migrations"' - PARAMS = (); args=()
2015-03-30 01:23:10,191 [Dummy-1:-1233151168] [django.db.backends:91] [DEBUG]- (0.001) QUERY = "\n            SELECT name FROM sqlite_master\n            WHERE type in ('table', 'view') AND NOT name='sqlite_sequence'\n            ORDER BY name" - PARAMS = (); args=None
2015-03-30 01:23:10,201 [Dummy-1:-1233151168] [django.db.backends:91] [DEBUG]- (0.000) QUERY = u'SELECT "django_migrations"."app", "django_migrations"."name" FROM "django_migrations"' - PARAMS = (); args=()
2015-03-30 01:23:41,747 [Dummy-1:-1233253568] [django.db.backends:91] [DEBUG]- (0.001) QUERY = "\n            SELECT name FROM sqlite_master\n            WHERE type in ('table', 'view') AND NOT name='sqlite_sequence'\n            ORDER BY name" - PARAMS = (); args=None
2015-03-30 01:23:41,753 [Dummy-1:-1233253568] [django.db.backends:91] [DEBUG]- (0.000) QUERY = u'SELECT "django_migrations"."app", "django_migrations"."name" FROM "django_migrations"' - PARAMS = (); args=()
2015-03-30 01:27:51,287 [Dummy-1:-1232929984] [django.db.backends:91] [DEBUG]- (0.001) QUERY = "\n            SELECT name FROM sqlite_master\n            WHERE type in ('table', 'view') AND NOT name='sqlite_sequence'\n            ORDER BY name" - PARAMS = (); args=None
2015-03-30 01:27:51,293 [Dummy-1:-1232929984] [django.db.backends:91] [DEBUG]- (0.000) QUERY = u'SELECT "django_migrations"."app", "django_migrations"."name" FROM "django_migrations"' - PARAMS = (); args=()
2015-03-30 01:28:27,900 [Dummy-1:-1233253568] [django.db.backends:91] [DEBUG]- (0.001) QUERY = "\n            SELECT name FROM sqlite_master\n            WHERE type in ('table', 'view') AND NOT name='sqlite_sequence'\n            ORDER BY name" - PARAMS = (); args=None
2015-03-30 01:28:27,903 [Dummy-1:-1233253568] [django.db.backends:91] [DEBUG]- (0.000) QUERY = u'SELECT "django_migrations"."app", "django_migrations"."name" FROM "django_migrations"' - PARAMS = (); args=()
2015-03-30 01:31:31,811 [Dummy-1:-1233249472] [django.db.backends:91] [DEBUG]- (0.001) QUERY = "\n            SELECT name FROM sqlite_master\n            WHERE type in ('table', 'view') AND NOT name='sqlite_sequence'\n            ORDER BY name" - PARAMS = (); args=None
2015-03-30 01:31:31,815 [Dummy-1:-1233249472] [django.db.backends:91] [DEBUG]- (0.000) QUERY = u'SELECT "django_migrations"."app", "django_migrations"."name" FROM "django_migrations"' - PARAMS = (); args=()
2015-03-30 01:32:53,819 [Dummy-1:-1232962752] [django.db.backends:91] [DEBUG]- (0.001) QUERY = "\n            SELECT name FROM sqlite_master\n            WHERE type in ('table', 'view') AND NOT name='sqlite_sequence'\n            ORDER BY name" - PARAMS = (); args=None
2015-03-30 01:32:53,829 [Dummy-1:-1232962752] [django.db.backends:91] [DEBUG]- (0.000) QUERY = u'SELECT "django_migrations"."app", "django_migrations"."name" FROM "django_migrations"' - PARAMS = (); args=()
2015-03-30 01:33:37,508 [Dummy-1:-1233564864] [django.db.backends:91] [DEBUG]- (0.006) QUERY = "\n            SELECT name FROM sqlite_master\n            WHERE type in ('table', 'view') AND NOT name='sqlite_sequence'\n            ORDER BY name" - PARAMS = (); args=None
2015-03-30 01:33:37,511 [Dummy-1:-1233564864] [django.db.backends:91] [DEBUG]- (0.000) QUERY = u'SELECT "django_migrations"."app", "django_migrations"."name" FROM "django_migrations"' - PARAMS = (); args=()
2015-03-30 01:33:55,928 [Dummy-1:-1233151168] [django.db.backends:91] [DEBUG]- (0.003) QUERY = "\n            SELECT name FROM sqlite_master\n            WHERE type in ('table', 'view') AND NOT name='sqlite_sequence'\n            ORDER BY name" - PARAMS = (); args=None
2015-03-30 01:33:55,931 [Dummy-1:-1233151168] [django.db.backends:91] [DEBUG]- (0.000) QUERY = u'SELECT "django_migrations"."app", "django_migrations"."name" FROM "django_migrations"' - PARAMS = (); args=()
2015-03-30 01:34:22,438 [Dummy-1:-1233212608] [django.db.backends:91] [DEBUG]- (0.001) QUERY = "\n            SELECT name FROM sqlite_master\n            WHERE type in ('table', 'view') AND NOT name='sqlite_sequence'\n            ORDER BY name" - PARAMS = (); args=None
2015-03-30 01:34:22,441 [Dummy-1:-1233212608] [django.db.backends:91] [DEBUG]- (0.000) QUERY = u'SELECT "django_migrations"."app", "django_migrations"."name" FROM "django_migrations"' - PARAMS = (); args=()
2015-03-30 01:35:48,483 [Dummy-1:-1233548480] [django.db.backends:91] [DEBUG]- (0.001) QUERY = "\n            SELECT name FROM sqlite_master\n            WHERE type in ('table', 'view') AND NOT name='sqlite_sequence'\n            ORDER BY name" - PARAMS = (); args=None
2015-03-30 01:35:48,493 [Dummy-1:-1233548480] [django.db.backends:91] [DEBUG]- (0.000) QUERY = u'SELECT "django_migrations"."app", "django_migrations"."name" FROM "django_migrations"' - PARAMS = (); args=()
2015-03-30 01:36:18,043 [Dummy-1:-1233708224] [django.db.backends:91] [DEBUG]- (0.001) QUERY = "\n            SELECT name FROM sqlite_master\n            WHERE type in ('table', 'view') AND NOT name='sqlite_sequence'\n            ORDER BY name" - PARAMS = (); args=None
2015-03-30 01:36:18,052 [Dummy-1:-1233708224] [django.db.backends:91] [DEBUG]- (0.000) QUERY = u'SELECT "django_migrations"."app", "django_migrations"."name" FROM "django_migrations"' - PARAMS = (); args=()
2015-03-30 01:44:48,067 [Dummy-1:-1233376448] [django.db.backends:91] [DEBUG]- (0.001) QUERY = "\n            SELECT name FROM sqlite_master\n            WHERE type in ('table', 'view') AND NOT name='sqlite_sequence'\n            ORDER BY name" - PARAMS = (); args=None
2015-03-30 01:44:48,073 [Dummy-1:-1233376448] [django.db.backends:91] [DEBUG]- (0.000) QUERY = u'SELECT "django_migrations"."app", "django_migrations"."name" FROM "django_migrations"' - PARAMS = (); args=()
2015-03-30 01:47:04,573 [Dummy-1:-1233704128] [django.db.backends:91] [DEBUG]- (0.001) QUERY = "\n            SELECT name FROM sqlite_master\n            WHERE type in ('table', 'view') AND NOT name='sqlite_sequence'\n            ORDER BY name" - PARAMS = (); args=None
2015-03-30 01:47:04,576 [Dummy-1:-1233704128] [django.db.backends:91] [DEBUG]- (0.000) QUERY = u'SELECT "django_migrations"."app", "django_migrations"."name" FROM "django_migrations"' - PARAMS = (); args=()
2015-03-30 06:14:53,985 [Dummy-1:-1233155264] [django.db.backends:91] [DEBUG]- (0.001) QUERY = "\n            SELECT name FROM sqlite_master\n            WHERE type in ('table', 'view') AND NOT name='sqlite_sequence'\n            ORDER BY name" - PARAMS = (); args=None
2015-03-30 06:14:53,992 [Dummy-1:-1233155264] [django.db.backends:91] [DEBUG]- (0.000) QUERY = u'SELECT "django_migrations"."app", "django_migrations"."name" FROM "django_migrations"' - PARAMS = (); args=()
2015-03-30 07:21:44,087 [Dummy-1:-1233130688] [django.db.backends:91] [DEBUG]- (0.001) QUERY = "\n            SELECT name FROM sqlite_master\n            WHERE type in ('table', 'view') AND NOT name='sqlite_sequence'\n            ORDER BY name" - PARAMS = (); args=None
2015-03-30 07:21:44,097 [Dummy-1:-1233130688] [django.db.backends:91] [DEBUG]- (0.000) QUERY = u'SELECT "django_migrations"."app", "django_migrations"."name" FROM "django_migrations"' - PARAMS = (); args=()
2015-03-30 07:25:01,825 [Dummy-1:-1232766144] [django.db.backends:91] [DEBUG]- (0.001) QUERY = "\n            SELECT name FROM sqlite_master\n            WHERE type in ('table', 'view') AND NOT name='sqlite_sequence'\n            ORDER BY name" - PARAMS = (); args=None
2015-03-30 07:25:01,829 [Dummy-1:-1232766144] [django.db.backends:91] [DEBUG]- (0.000) QUERY = u'SELECT "django_migrations"."app", "django_migrations"."name" FROM "django_migrations"' - PARAMS = (); args=()
2015-03-30 07:28:28,089 [Dummy-1:-1233454272] [django.db.backends:91] [DEBUG]- (0.001) QUERY = "\n            SELECT name FROM sqlite_master\n            WHERE type in ('table', 'view') AND NOT name='sqlite_sequence'\n            ORDER BY name" - PARAMS = (); args=None
2015-03-30 07:28:28,097 [Dummy-1:-1233454272] [django.db.backends:91] [DEBUG]- (0.000) QUERY = u'SELECT "django_migrations"."app", "django_migrations"."name" FROM "django_migrations"' - PARAMS = (); args=()
2015-03-30 07:33:15,091 [Dummy-1:-1233462464] [django.db.backends:91] [DEBUG]- (0.001) QUERY = "\n            SELECT name FROM sqlite_master\n            WHERE type in ('table', 'view') AND NOT name='sqlite_sequence'\n            ORDER BY name" - PARAMS = (); args=None
2015-03-30 07:33:15,101 [Dummy-1:-1233462464] [django.db.backends:91] [DEBUG]- (0.000) QUERY = u'SELECT "django_migrations"."app", "django_migrations"."name" FROM "django_migrations"' - PARAMS = (); args=()
2015-03-30 07:38:32,200 [Dummy-1:-1233392832] [django.db.backends:91] [DEBUG]- (0.005) QUERY = "\n            SELECT name FROM sqlite_master\n            WHERE type in ('table', 'view') AND NOT name='sqlite_sequence'\n            ORDER BY name" - PARAMS = (); args=None
2015-03-30 07:38:32,203 [Dummy-1:-1233392832] [django.db.backends:91] [DEBUG]- (0.000) QUERY = u'SELECT "django_migrations"."app", "django_migrations"."name" FROM "django_migrations"' - PARAMS = (); args=()
2015-03-30 07:39:58,255 [Dummy-1:-1233437888] [django.db.backends:91] [DEBUG]- (0.001) QUERY = "\n            SELECT name FROM sqlite_master\n            WHERE type in ('table', 'view') AND NOT name='sqlite_sequence'\n            ORDER BY name" - PARAMS = (); args=None
2015-03-30 07:39:58,261 [Dummy-1:-1233437888] [django.db.backends:91] [DEBUG]- (0.000) QUERY = u'SELECT "django_migrations"."app", "django_migrations"."name" FROM "django_migrations"' - PARAMS = (); args=()
2015-03-30 07:41:44,505 [Dummy-1:-1233499328] [django.db.backends:91] [DEBUG]- (0.001) QUERY = "\n            SELECT name FROM sqlite_master\n            WHERE type in ('table', 'view') AND NOT name='sqlite_sequence'\n            ORDER BY name" - PARAMS = (); args=None
2015-03-30 07:41:44,512 [Dummy-1:-1233499328] [django.db.backends:91] [DEBUG]- (0.000) QUERY = u'SELECT "django_migrations"."app", "django_migrations"."name" FROM "django_migrations"' - PARAMS = (); args=()
2015-03-30 07:43:46,907 [Dummy-1:-1233224896] [django.db.backends:91] [DEBUG]- (0.001) QUERY = "\n            SELECT name FROM sqlite_master\n            WHERE type in ('table', 'view') AND NOT name='sqlite_sequence'\n            ORDER BY name" - PARAMS = (); args=None
2015-03-30 07:43:46,913 [Dummy-1:-1233224896] [django.db.backends:91] [DEBUG]- (0.000) QUERY = u'SELECT "django_migrations"."app", "django_migrations"."name" FROM "django_migrations"' - PARAMS = (); args=()
2015-03-30 07:45:06,903 [Dummy-1:-1233233088] [django.db.backends:91] [DEBUG]- (0.001) QUERY = "\n            SELECT name FROM sqlite_master\n            WHERE type in ('table', 'view') AND NOT name='sqlite_sequence'\n            ORDER BY name" - PARAMS = (); args=None
2015-03-30 07:45:06,909 [Dummy-1:-1233233088] [django.db.backends:91] [DEBUG]- (0.000) QUERY = u'SELECT "django_migrations"."app", "django_migrations"."name" FROM "django_migrations"' - PARAMS = (); args=()
2015-03-30 12:42:16,215 [Dummy-1:-1233089728] [django.db.backends:91] [DEBUG]- (0.001) QUERY = "\n            SELECT name FROM sqlite_master\n            WHERE type in ('table', 'view') AND NOT name='sqlite_sequence'\n            ORDER BY name" - PARAMS = (); args=None
2015-03-30 12:42:16,222 [Dummy-1:-1233089728] [django.db.backends:91] [DEBUG]- (0.000) QUERY = u'SELECT "django_migrations"."app", "django_migrations"."name" FROM "django_migrations"' - PARAMS = (); args=()
2015-03-30 12:43:32,175 [Dummy-1:-1232774336] [django.db.backends:91] [DEBUG]- (0.001) QUERY = "\n            SELECT name FROM sqlite_master\n            WHERE type in ('table', 'view') AND NOT name='sqlite_sequence'\n            ORDER BY name" - PARAMS = (); args=None
2015-03-30 12:43:32,181 [Dummy-1:-1232774336] [django.db.backends:91] [DEBUG]- (0.000) QUERY = u'SELECT "django_migrations"."app", "django_migrations"."name" FROM "django_migrations"' - PARAMS = (); args=()
